Build started 7/14/2015 11:30:08 PM.
     1>Project "C:\FSTI\Caspar\thermal\thermal.vcxproj" on node 2 (build target(s)).
     1>InitializeBuildStatus:
         Touching "Debug\thermal.unsuccessfulbuild".
       ClCompile:
         c:\Program Files (x86)\Microsoft Visual Studio 10.0\VC\bin\CL.exe /c /IC:\Matteo\Caspar\main\src /IC:\Matteo\Caspar\mesh\src /IC:\Matteo\Caspar\fem\src /ZI /nologo /W3 /WX- /Od /Oy- /D WIN32 /D _DEBUG /D _CONSOLE /D _MBCS /Gm /EHsc /RTC1 /MDd /GS /fp:precise /Zc:wchar_t /Zc:forScope /Fo"Debug\\" /Fd"Debug\vc100.pdb" /Gd /TP /wd4800 /wd4805 /analyze- /errorReport:prompt src\CFEMThermal.cpp src\CThermal.cpp
         CThermal.cpp
     1>c:\fsti\caspar\main\src\cgapinput.h(22): fatal error C1083: Cannot open include file: 'blitz\array.h': No such file or directory
         CFEMThermal.cpp
     1>c:\fsti\caspar\main\src\cgapinput.h(22): fatal error C1083: Cannot open include file: 'blitz\array.h': No such file or directory
         Generating Code...
     1>Done Building Project "C:\FSTI\Caspar\thermal\thermal.vcxproj" (build target(s)) -- FAILED.

Build FAILED.

Time Elapsed 00:00:01.14
